16:14:52 2020-01-24 [INFO] Shutting down InterSystems IRIS instance IRIS...
16:15:26 2020-01-24 [WARNING] No init process detected!  This container may accumulate zombie processes if run for a long time.  Consider using "docker create --init ..." or equivalent.
16:15:26 2020-01-24 [INFO] Starting InterSystems IRIS instance IRIS...
16:15:28 2020-01-24 [INFO] This copy of InterSystems IRIS has been licensed for use exclusively by:
ISC Development Container
Copyright (c) 1986-2020 by InterSystems Corporation
Any other use is a violation of your license agreement

1 alert(s) during startup. See messages.log for details.
Starting IRIS


16:15:28 2020-01-24 [INFO] ...started InterSystems IRIS instance IRIS
16:15:30 2020-01-24 [INFO] Shutting down InterSystems IRIS instance IRIS...
16:15:37 2020-01-24 [INFO] Verifying InterSystems IRIS instance IRIS is down...
16:15:37 2020-01-24 [INFO] IRIS^/usr/irissys^2020.1.0.194.0^down, last used Fri Jan 24 16:15:31 2020^iris.cpf^51773^52773^53773^^IRIS^^^/usr/irissys

16:15:37 2020-01-24 [INFO] ...verified that InterSystems IRIS instance IRIS is down
16:53:35 2020-01-24 [WARNING] No init process detected!  This container may accumulate zombie processes if run for a long time.  Consider using "docker create --init ..." or equivalent.
16:53:35 2020-01-24 [INFO] Starting InterSystems IRIS instance IRIS...
16:53:36 2020-01-24 [INFO] This copy of InterSystems IRIS has been licensed for use exclusively by:
ISC Development Container
Copyright (c) 1986-2020 by InterSystems Corporation
Any other use is a violation of your license agreement
Starting IRIS


16:53:36 2020-01-24 [INFO] ...started InterSystems IRIS instance IRIS
16:53:37 2020-01-24 [INFO] Shutting down InterSystems IRIS instance IRIS...
16:53:45 2020-01-24 [INFO] Verifying InterSystems IRIS instance IRIS is down...
16:53:45 2020-01-24 [INFO] IRIS^/usr/irissys^2020.1.0.194.0^down, last used Fri Jan 24 16:53:39 2020^iris.cpf^51773^52773^53773^^IRIS^^^/usr/irissys

16:53:45 2020-01-24 [INFO] ...verified that InterSystems IRIS instance IRIS is down
16:53:51 2020-01-24 [WARNING] No init process detected!  This container may accumulate zombie processes if run for a long time.  Consider using "docker create --init ..." or equivalent.
16:53:51 2020-01-24 [INFO] Starting InterSystems IRIS instance IRIS...
16:53:52 2020-01-24 [INFO] This copy of InterSystems IRIS has been licensed for use exclusively by:
ISC Development Container
Copyright (c) 1986-2020 by InterSystems Corporation
Any other use is a violation of your license agreement
Starting IRIS


16:53:52 2020-01-24 [INFO] ...started InterSystems IRIS instance IRIS
17:28:04 2020-01-24 [INFO] Shutting down InterSystems IRIS instance IRIS...
17:28:12 2020-01-24 [INFO] Verifying InterSystems IRIS instance IRIS is down...
17:28:12 2020-01-24 [INFO] IRIS^/usr/irissys^2020.1.0.194.0^down, last used Fri Jan 24 17:28:09 2020^iris.cpf^51773^52773^53773^^IRIS^^^/usr/irissys

17:28:12 2020-01-24 [INFO] ...verified that InterSystems IRIS instance IRIS is down
17:29:03 2020-01-24 [WARNING] No init process detected!  This container may accumulate zombie processes if run for a long time.  Consider using "docker create --init ..." or equivalent.
17:29:03 2020-01-24 [INFO] Starting InterSystems IRIS instance IRIS...
17:29:06 2020-01-24 [INFO] This copy of InterSystems IRIS has been licensed for use exclusively by:
ISC Development Container
Copyright (c) 1986-2020 by InterSystems Corporation
Any other use is a violation of your license agreement

1 alert(s) during startup. See messages.log for details.
Starting IRIS


17:29:06 2020-01-24 [INFO] ...started InterSystems IRIS instance IRIS
17:29:21 2020-01-24 [WARNING] No init process detected!  This container may accumulate zombie processes if run for a long time.  Consider using "docker create --init ..." or equivalent.
17:29:21 2020-01-24 [INFO] Starting InterSystems IRIS instance IRIS...
17:29:23 2020-01-24 [INFO] 
Now attempting WIJ compare, /usr/irissys/mgr/IRIS.WIJ
This copy of InterSystems IRIS has been licensed for use exclusively by:
ISC Development Container
Copyright (c) 1986-2020 by InterSystems Corporation
Any other use is a violation of your license agreement

1 alert(s) during startup. See messages.log for details.
Starting IRIS


17:29:23 2020-01-24 [INFO] ...started InterSystems IRIS instance IRIS
17:31:08 2020-01-24 [WARNING] No init process detected!  This container may accumulate zombie processes if run for a long time.  Consider using "docker create --init ..." or equivalent.
17:31:08 2020-01-24 [INFO] Starting InterSystems IRIS instance IRIS...
17:31:11 2020-01-24 [INFO] This copy of InterSystems IRIS has been licensed for use exclusively by:
ISC Development Container
Copyright (c) 1986-2020 by InterSystems Corporation
Any other use is a violation of your license agreement

1 alert(s) during startup. See messages.log for details.
Starting IRIS


17:31:11 2020-01-24 [INFO] ...started InterSystems IRIS instance IRIS
17:39:47 2020-01-24 [WARNING] No init process detected!  This container may accumulate zombie processes if run for a long time.  Consider using "docker create --init ..." or equivalent.
17:39:47 2020-01-24 [INFO] Starting InterSystems IRIS instance IRIS...
17:39:50 2020-01-24 [INFO] This copy of InterSystems IRIS has been licensed for use exclusively by:
ISC Development Container
Copyright (c) 1986-2020 by InterSystems Corporation
Any other use is a violation of your license agreement

1 alert(s) during startup. See messages.log for details.
Starting IRIS


17:39:50 2020-01-24 [INFO] ...started InterSystems IRIS instance IRIS
17:43:21 2020-01-24 [WARNING] No init process detected!  This container may accumulate zombie processes if run for a long time.  Consider using "docker create --init ..." or equivalent.
17:43:21 2020-01-24 [INFO] Starting InterSystems IRIS instance IRIS...
17:43:25 2020-01-24 [INFO] This copy of InterSystems IRIS has been licensed for use exclusively by:
ISC Development Container
Copyright (c) 1986-2020 by InterSystems Corporation
Any other use is a violation of your license agreement

1 alert(s) during startup. See messages.log for details.
Starting IRIS


17:43:25 2020-01-24 [INFO] ...started InterSystems IRIS instance IRIS
17:45:03 2020-01-24 [INFO] Shutting down InterSystems IRIS instance IRIS...
17:45:16 2020-01-24 [WARNING] No init process detected!  This container may accumulate zombie processes if run for a long time.  Consider using "docker create --init ..." or equivalent.
17:45:16 2020-01-24 [INFO] Starting InterSystems IRIS instance IRIS...
17:45:20 2020-01-24 [INFO] This copy of InterSystems IRIS has been licensed for use exclusively by:
ISC Development Container
Copyright (c) 1986-2020 by InterSystems Corporation
Any other use is a violation of your license agreement

1 alert(s) during startup. See messages.log for details.
Starting IRIS


17:45:20 2020-01-24 [INFO] ...started InterSystems IRIS instance IRIS
19:30:26 2020-02-06 [WARNING] No init process detected!  This container may accumulate zombie processes if run for a long time.  Consider using "docker create --init ..." or equivalent.
19:30:26 2020-02-06 [INFO] Starting InterSystems IRIS instance IRIS...
19:30:30 2020-02-06 [INFO] This copy of InterSystems IRIS has been licensed for use exclusively by:
ISC Development Container
Copyright (c) 1986-2020 by InterSystems Corporation
Any other use is a violation of your license agreement

2 alert(s) during startup. See messages.log for details.
Starting IRIS


19:30:30 2020-02-06 [INFO] ...started InterSystems IRIS instance IRIS
18:25:22 2020-02-10 [WARNING] No init process detected!  This container may accumulate zombie processes if run for a long time.  Consider using "docker create --init ..." or equivalent.
18:25:22 2020-02-10 [INFO] Starting InterSystems IRIS instance IRIS...
18:25:28 2020-02-10 [INFO] 
Now attempting WIJ compare, /usr/irissys/mgr/IRIS.WIJ
This copy of InterSystems IRIS has been licensed for use exclusively by:
ISC Development Container
Copyright (c) 1986-2020 by InterSystems Corporation
Any other use is a violation of your license agreement

1 alert(s) during startup. See messages.log for details.
Starting IRIS


18:25:28 2020-02-10 [INFO] ...started InterSystems IRIS instance IRIS
18:25:38 2020-02-10 [WARNING] No init process detected!  This container may accumulate zombie processes if run for a long time.  Consider using "docker create --init ..." or equivalent.
18:25:38 2020-02-10 [INFO] Starting InterSystems IRIS instance IRIS...
18:25:40 2020-02-10 [INFO] 
Now attempting WIJ compare, /usr/irissys/mgr/IRIS.WIJ
This copy of InterSystems IRIS has been licensed for use exclusively by:
ISC Development Container
Copyright (c) 1986-2020 by InterSystems Corporation
Any other use is a violation of your license agreement

1 alert(s) during startup. See messages.log for details.
Starting IRIS


18:25:40 2020-02-10 [INFO] ...started InterSystems IRIS instance IRIS
20:13:37 2020-02-10 [WARNING] No init process detected!  This container may accumulate zombie processes if run for a long time.  Consider using "docker create --init ..." or equivalent.
20:13:37 2020-02-10 [INFO] Starting InterSystems IRIS instance IRIS...
20:13:40 2020-02-10 [INFO] This copy of InterSystems IRIS has been licensed for use exclusively by:
ISC Development Container
Copyright (c) 1986-2020 by InterSystems Corporation
Any other use is a violation of your license agreement

1 alert(s) during startup. See messages.log for details.
Starting IRIS


20:13:40 2020-02-10 [INFO] ...started InterSystems IRIS instance IRIS
20:13:42 2020-02-10 [INFO] Shutting down InterSystems IRIS instance IRIS...
20:13:49 2020-02-10 [INFO] Verifying InterSystems IRIS instance IRIS is down...
20:13:49 2020-02-10 [INFO] IRIS^/usr/irissys^2020.1.0.194.0^down, last used Mon Feb 10 20:13:44 2020^iris.cpf^51773^52773^53773^^IRIS^^^/usr/irissys

20:13:49 2020-02-10 [INFO] ...verified that InterSystems IRIS instance IRIS is down
20:13:52 2020-02-10 [WARNING] No init process detected!  This container may accumulate zombie processes if run for a long time.  Consider using "docker create --init ..." or equivalent.
20:13:52 2020-02-10 [INFO] Starting InterSystems IRIS instance IRIS...
20:13:53 2020-02-10 [INFO] This copy of InterSystems IRIS has been licensed for use exclusively by:
ISC Development Container
Copyright (c) 1986-2020 by InterSystems Corporation
Any other use is a violation of your license agreement
Starting IRIS


20:13:53 2020-02-10 [INFO] ...started InterSystems IRIS instance IRIS
17:20:12 2020-02-11 [INFO] Shutting down InterSystems IRIS instance IRIS...
17:20:21 2020-02-11 [INFO] Verifying InterSystems IRIS instance IRIS is down...
17:20:21 2020-02-11 [INFO] IRIS^/usr/irissys^2020.1.0.194.0^down, last used Tue Feb 11 17:20:17 2020^iris.cpf^51773^52773^53773^^IRIS^^^/usr/irissys

17:20:21 2020-02-11 [INFO] ...verified that InterSystems IRIS instance IRIS is down
17:34:39 2020-02-11 [WARNING] No init process detected!  This container may accumulate zombie processes if run for a long time.  Consider using "docker create --init ..." or equivalent.
17:34:39 2020-02-11 [INFO] Starting InterSystems IRIS instance IRIS...
17:34:41 2020-02-11 [INFO] This copy of InterSystems IRIS has been licensed for use exclusively by:
ISC Development Container
Copyright (c) 1986-2020 by InterSystems Corporation
Any other use is a violation of your license agreement

1 alert(s) during startup. See messages.log for details.
Starting IRIS


17:34:41 2020-02-11 [INFO] ...started InterSystems IRIS instance IRIS
17:36:03 2020-02-11 [INFO] Shutting down InterSystems IRIS instance IRIS...
17:36:11 2020-02-11 [INFO] Verifying InterSystems IRIS instance IRIS is down...
17:36:11 2020-02-11 [INFO] IRIS^/usr/irissys^2020.1.0.194.0^down, last used Tue Feb 11 17:36:08 2020^iris.cpf^51773^52773^53773^^IRIS^^^/usr/irissys

17:36:11 2020-02-11 [INFO] ...verified that InterSystems IRIS instance IRIS is down
17:36:39 2020-02-11 [WARNING] No init process detected!  This container may accumulate zombie processes if run for a long time.  Consider using "docker create --init ..." or equivalent.
17:36:39 2020-02-11 [INFO] Starting InterSystems IRIS instance IRIS...
17:36:42 2020-02-11 [INFO] This copy of InterSystems IRIS has been licensed for use exclusively by:
ISC Development Container
Copyright (c) 1986-2020 by InterSystems Corporation
Any other use is a violation of your license agreement

1 alert(s) during startup. See messages.log for details.
Starting IRIS


17:36:42 2020-02-11 [INFO] ...started InterSystems IRIS instance IRIS
17:38:52 2020-02-11 [INFO] Shutting down InterSystems IRIS instance IRIS...
17:39:00 2020-02-11 [INFO] Verifying InterSystems IRIS instance IRIS is down...
17:39:00 2020-02-11 [INFO] IRIS^/usr/irissys^2020.1.0.194.0^down, last used Tue Feb 11 17:38:57 2020^iris.cpf^51773^52773^53773^^IRIS^^^/usr/irissys

17:39:00 2020-02-11 [INFO] ...verified that InterSystems IRIS instance IRIS is down
17:48:52 2020-02-11 [WARNING] No init process detected!  This container may accumulate zombie processes if run for a long time.  Consider using "docker create --init ..." or equivalent.
17:48:52 2020-02-11 [INFO] Starting InterSystems IRIS instance IRIS...
17:48:57 2020-02-11 [INFO] This copy of InterSystems IRIS has been licensed for use exclusively by:
ISC Development Container
Copyright (c) 1986-2020 by InterSystems Corporation
Any other use is a violation of your license agreement

1 alert(s) during startup. See messages.log for details.
Starting IRIS


17:48:57 2020-02-11 [INFO] ...started InterSystems IRIS instance IRIS
18:01:23 2020-02-11 [INFO] Shutting down InterSystems IRIS instance IRIS...
18:02:22 2020-02-11 [WARNING] No init process detected!  This container may accumulate zombie processes if run for a long time.  Consider using "docker create --init ..." or equivalent.
18:02:22 2020-02-11 [INFO] Starting InterSystems IRIS instance IRIS...
18:02:26 2020-02-11 [INFO] This copy of InterSystems IRIS has been licensed for use exclusively by:
ISC Development Container
Copyright (c) 1986-2020 by InterSystems Corporation
Any other use is a violation of your license agreement

1 alert(s) during startup. See messages.log for details.
Starting IRIS


18:02:26 2020-02-11 [INFO] ...started InterSystems IRIS instance IRIS
18:16:56 2020-02-11 [INFO] Shutting down InterSystems IRIS instance IRIS...
18:17:07 2020-02-11 [WARNING] No init process detected!  This container may accumulate zombie processes if run for a long time.  Consider using "docker create --init ..." or equivalent.
18:17:07 2020-02-11 [INFO] Starting InterSystems IRIS instance IRIS...
18:17:12 2020-02-11 [INFO] This copy of InterSystems IRIS has been licensed for use exclusively by:
ISC Development Container
Copyright (c) 1986-2020 by InterSystems Corporation
Any other use is a violation of your license agreement

1 alert(s) during startup. See messages.log for details.
Starting IRIS


18:17:12 2020-02-11 [INFO] ...started InterSystems IRIS instance IRIS
18:17:12 2020-02-11 [INFO] Executing command iris session "do ##class(Demo.PEX.javaGateway).startGateway()"...
18:17:12 2020-02-11 [ERROR] irissession: invalid instance name 'DO ##CLASS(DEMO.PEX.JAVAGATEWAY).STARTGATEWAY()'

18:17:12 2020-02-11 [ERROR] Command "iris session "do ##class(Demo.PEX.javaGateway).startGateway()"" exited with status 256
18:17:12 2020-02-11 [FATAL] Error executing post-startup command
18:17:35 2020-02-11 [WARNING] No init process detected!  This container may accumulate zombie processes if run for a long time.  Consider using "docker create --init ..." or equivalent.
18:17:35 2020-02-11 [INFO] Starting InterSystems IRIS instance IRIS...
18:17:38 2020-02-11 [INFO] 
Now attempting WIJ compare, /usr/irissys/mgr/IRIS.WIJ
This copy of InterSystems IRIS has been licensed for use exclusively by:
ISC Development Container
Copyright (c) 1986-2020 by InterSystems Corporation
Any other use is a violation of your license agreement

1 alert(s) during startup. See messages.log for details.
Starting IRIS


18:17:38 2020-02-11 [INFO] ...started InterSystems IRIS instance IRIS
18:17:38 2020-02-11 [INFO] Executing command iris session "do ##class(Demo.PEX.javaGateway).startGateway()"...
18:17:38 2020-02-11 [ERROR] irissession: invalid instance name 'DO ##CLASS(DEMO.PEX.JAVAGATEWAY).STARTGATEWAY()'

18:17:38 2020-02-11 [ERROR] Command "iris session "do ##class(Demo.PEX.javaGateway).startGateway()"" exited with status 256
18:17:38 2020-02-11 [FATAL] Error executing post-startup command
18:17:46 2020-02-11 [WARNING] No init process detected!  This container may accumulate zombie processes if run for a long time.  Consider using "docker create --init ..." or equivalent.
18:17:46 2020-02-11 [INFO] Starting InterSystems IRIS instance IRIS...
18:17:49 2020-02-11 [INFO] This copy of InterSystems IRIS has been licensed for use exclusively by:
ISC Development Container
Copyright (c) 1986-2020 by InterSystems Corporation
Any other use is a violation of your license agreement

1 alert(s) during startup. See messages.log for details.
Starting IRIS


18:17:49 2020-02-11 [INFO] ...started InterSystems IRIS instance IRIS
18:17:53 2020-02-11 [INFO] Shutting down InterSystems IRIS instance IRIS...
18:17:56 2020-02-11 [WARNING] No init process detected!  This container may accumulate zombie processes if run for a long time.  Consider using "docker create --init ..." or equivalent.
18:17:56 2020-02-11 [INFO] Starting InterSystems IRIS instance IRIS...
18:17:58 2020-02-11 [INFO] 
Now attempting WIJ compare, /usr/irissys/mgr/IRIS.WIJ
This copy of InterSystems IRIS has been licensed for use exclusively by:
ISC Development Container
Copyright (c) 1986-2020 by InterSystems Corporation
Any other use is a violation of your license agreement

1 alert(s) during startup. See messages.log for details.
Starting IRIS


18:17:58 2020-02-11 [INFO] ...started InterSystems IRIS instance IRIS
18:29:24 2020-02-11 [INFO] Shutting down InterSystems IRIS instance IRIS...
18:29:32 2020-02-11 [INFO] Verifying InterSystems IRIS instance IRIS is down...
18:29:32 2020-02-11 [INFO] IRIS^/usr/irissys^2020.1.0.194.0^down, last used Tue Feb 11 18:29:29 2020^iris.cpf^51773^52773^53773^^IRIS^^^/usr/irissys

18:29:32 2020-02-11 [INFO] ...verified that InterSystems IRIS instance IRIS is down
18:31:05 2020-02-11 [WARNING] No init process detected!  This container may accumulate zombie processes if run for a long time.  Consider using "docker create --init ..." or equivalent.
18:31:05 2020-02-11 [INFO] Starting InterSystems IRIS instance IRIS...
18:31:09 2020-02-11 [INFO] This copy of InterSystems IRIS has been licensed for use exclusively by:
ISC Development Container
Copyright (c) 1986-2020 by InterSystems Corporation
Any other use is a violation of your license agreement

1 alert(s) during startup. See messages.log for details.
Starting IRIS


18:31:09 2020-02-11 [INFO] ...started InterSystems IRIS instance IRIS
18:31:09 2020-02-11 [INFO] Executing command iris session iris "##class(%Net.Remote.Service).StartGateway("JavaGateway2")"...
18:31:09 2020-02-11 [INFO] 
<INVALID ARGUMENT>

18:31:09 2020-02-11 [INFO] ...executed command iris session iris "##class(%Net.Remote.Service).StartGateway("JavaGateway2")"
18:36:18 2020-02-11 [INFO] Shutting down InterSystems IRIS instance IRIS...
18:36:26 2020-02-11 [INFO] Verifying InterSystems IRIS instance IRIS is down...
18:36:26 2020-02-11 [INFO] IRIS^/usr/irissys^2020.1.0.194.0^down, last used Tue Feb 11 18:36:23 2020^iris.cpf^51773^52773^53773^^IRIS^^^/usr/irissys

18:36:26 2020-02-11 [INFO] ...verified that InterSystems IRIS instance IRIS is down
18:36:27 2020-02-11 [WARNING] No init process detected!  This container may accumulate zombie processes if run for a long time.  Consider using "docker create --init ..." or equivalent.
18:36:27 2020-02-11 [INFO] Starting InterSystems IRIS instance IRIS...
18:36:31 2020-02-11 [INFO] This copy of InterSystems IRIS has been licensed for use exclusively by:
ISC Development Container
Copyright (c) 1986-2020 by InterSystems Corporation
Any other use is a violation of your license agreement

1 alert(s) during startup. See messages.log for details.
Starting IRIS


18:36:31 2020-02-11 [INFO] ...started InterSystems IRIS instance IRIS
18:36:31 2020-02-11 [INFO] Executing command iris session iris "##class(%Net.Remote.Service).StartGateway("JavaGateway2")"...
18:36:31 2020-02-11 [INFO] 
<INVALID ARGUMENT>

18:36:31 2020-02-11 [INFO] ...executed command iris session iris "##class(%Net.Remote.Service).StartGateway("JavaGateway2")"
18:38:24 2020-02-11 [INFO] Shutting down InterSystems IRIS instance IRIS...
18:38:58 2020-02-11 [WARNING] No init process detected!  This container may accumulate zombie processes if run for a long time.  Consider using "docker create --init ..." or equivalent.
18:38:58 2020-02-11 [INFO] Starting InterSystems IRIS instance IRIS...
18:39:01 2020-02-11 [INFO] This copy of InterSystems IRIS has been licensed for use exclusively by:
ISC Development Container
Copyright (c) 1986-2020 by InterSystems Corporation
Any other use is a violation of your license agreement

1 alert(s) during startup. See messages.log for details.
Starting IRIS


18:39:01 2020-02-11 [INFO] ...started InterSystems IRIS instance IRIS
18:41:20 2020-02-11 [INFO] Shutting down InterSystems IRIS instance IRIS...
18:41:30 2020-02-11 [WARNING] No init process detected!  This container may accumulate zombie processes if run for a long time.  Consider using "docker create --init ..." or equivalent.
18:41:30 2020-02-11 [INFO] Starting InterSystems IRIS instance IRIS...
18:41:35 2020-02-11 [INFO] This copy of InterSystems IRIS has been licensed for use exclusively by:
ISC Development Container
Copyright (c) 1986-2020 by InterSystems Corporation
Any other use is a violation of your license agreement

1 alert(s) during startup. See messages.log for details.
Starting IRIS


18:41:35 2020-02-11 [INFO] ...started InterSystems IRIS instance IRIS
18:41:35 2020-02-11 [INFO] Executing command iris session iris "##class(%Net.Remote.Service).StartGateway("JavaGateway2")"...
18:41:35 2020-02-11 [INFO] 
<INVALID ARGUMENT>

18:41:35 2020-02-11 [INFO] ...executed command iris session iris "##class(%Net.Remote.Service).StartGateway("JavaGateway2")"
19:27:32 2020-02-11 [INFO] Shutting down InterSystems IRIS instance IRIS...
19:27:40 2020-02-11 [INFO] Verifying InterSystems IRIS instance IRIS is down...
19:27:40 2020-02-11 [INFO] IRIS^/usr/irissys^2020.1.0.194.0^down, last used Tue Feb 11 19:27:37 2020^iris.cpf^51773^52773^53773^^IRIS^^^/usr/irissys

19:27:40 2020-02-11 [INFO] ...verified that InterSystems IRIS instance IRIS is down
19:27:44 2020-02-11 [WARNING] No init process detected!  This container may accumulate zombie processes if run for a long time.  Consider using "docker create --init ..." or equivalent.
19:27:44 2020-02-11 [INFO] Starting InterSystems IRIS instance IRIS...
19:27:48 2020-02-11 [INFO] This copy of InterSystems IRIS has been licensed for use exclusively by:
ISC Development Container
Copyright (c) 1986-2020 by InterSystems Corporation
Any other use is a violation of your license agreement

1 alert(s) during startup. See messages.log for details.
Starting IRIS


19:27:48 2020-02-11 [INFO] ...started InterSystems IRIS instance IRIS
19:29:34 2020-02-11 [INFO] Shutting down InterSystems IRIS instance IRIS...
19:29:42 2020-02-11 [INFO] Verifying InterSystems IRIS instance IRIS is down...
19:29:42 2020-02-11 [INFO] IRIS^/usr/irissys^2020.1.0.194.0^down, last used Tue Feb 11 19:29:39 2020^iris.cpf^51773^52773^53773^^IRIS^^^/usr/irissys

19:29:42 2020-02-11 [INFO] ...verified that InterSystems IRIS instance IRIS is down
19:30:09 2020-02-11 [WARNING] No init process detected!  This container may accumulate zombie processes if run for a long time.  Consider using "docker create --init ..." or equivalent.
19:30:09 2020-02-11 [INFO] Starting InterSystems IRIS instance IRIS...
19:30:15 2020-02-11 [INFO] This copy of InterSystems IRIS has been licensed for use exclusively by:
ISC Development Container
Copyright (c) 1986-2020 by InterSystems Corporation
Any other use is a violation of your license agreement

1 alert(s) during startup. See messages.log for details.
Starting IRIS


19:30:15 2020-02-11 [INFO] ...started InterSystems IRIS instance IRIS
19:34:13 2020-02-11 [INFO] Shutting down InterSystems IRIS instance IRIS...
21:38:30 2020-02-11 [INFO] Shutting down InterSystems IRIS instance IRIS...
21:38:38 2020-02-11 [INFO] Verifying InterSystems IRIS instance IRIS is down...
21:38:38 2020-02-11 [INFO] IRIS^/usr/irissys^2020.1.0.197.0com^down, last used Tue Feb 11 21:38:35 2020^iris.cpf^51773^52773^53773^^IRIS^^^/usr/irissys

21:38:38 2020-02-11 [INFO] ...verified that InterSystems IRIS instance IRIS is down
19:10:26 2020-02-18 [WARNING] No init process detected!  This container may accumulate zombie processes if run for a long time.  Consider using "docker create --init ..." or equivalent.
19:10:26 2020-02-18 [INFO] Starting InterSystems IRIS instance IRIS...
19:10:29 2020-02-18 [INFO] This copy of InterSystems IRIS has been licensed for use exclusively by:
ISC Development Container
Copyright (c) 1986-2020 by InterSystems Corporation
Any other use is a violation of your license agreement
Starting IRIS


19:10:29 2020-02-18 [INFO] ...started InterSystems IRIS instance IRIS
18:19:52 2020-04-13 [WARNING] No init process detected!  This container may accumulate zombie processes if run for a long time.  Consider using "docker create --init ..." or equivalent.
18:19:52 2020-04-13 [INFO] Starting InterSystems IRIS instance IRIS...
18:19:54 2020-04-13 [INFO] This copy of InterSystems IRIS has been licensed for use exclusively by:
Local license key file not found.
Copyright (c) 1986-2020 by InterSystems Corporation
Any other use is a violation of your license agreement

2 alert(s) during startup. See messages.log for details.
Starting IRIS


18:19:54 2020-04-13 [INFO] ...started InterSystems IRIS instance IRIS
18:33:34 2020-04-13 [INFO] Shutting down InterSystems IRIS instance IRIS...
18:34:12 2020-04-13 [WARNING] No init process detected!  This container may accumulate zombie processes if run for a long time.  Consider using "docker create --init ..." or equivalent.
18:34:12 2020-04-13 [INFO] Starting InterSystems IRIS instance IRIS...
18:34:15 2020-04-13 [INFO] This copy of InterSystems IRIS has been licensed for use exclusively by:
Local license key file not found.
Copyright (c) 1986-2020 by InterSystems Corporation
Any other use is a violation of your license agreement

2 alert(s) during startup. See messages.log for details.
Starting IRIS


18:34:15 2020-04-13 [INFO] ...started InterSystems IRIS instance IRIS
18:37:17 2020-04-13 [INFO] Shutting down InterSystems IRIS instance IRIS...
18:37:25 2020-04-13 [INFO] Verifying InterSystems IRIS instance IRIS is down...
18:37:25 2020-04-13 [INFO] IRIS^/usr/irissys^2020.1.0.215.0^down, last used Mon Apr 13 18:37:22 2020^iris.cpf^51773^52773^53773^^IRIS^^^/usr/irissys

18:37:25 2020-04-13 [INFO] ...verified that InterSystems IRIS instance IRIS is down
18:37:26 2020-04-13 [WARNING] No init process detected!  This container may accumulate zombie processes if run for a long time.  Consider using "docker create --init ..." or equivalent.
18:37:26 2020-04-13 [INFO] Starting InterSystems IRIS instance IRIS...
18:37:31 2020-04-13 [INFO] This copy of InterSystems IRIS has been licensed for use exclusively by:
InterSystems IRIS Community
Copyright (c) 1986-2020 by InterSystems Corporation
Any other use is a violation of your license agreement

1 alert(s) during startup. See messages.log for details.
Starting IRIS


18:37:31 2020-04-13 [INFO] ...started InterSystems IRIS instance IRIS
20:40:13 2020-04-13 [INFO] Shutting down InterSystems IRIS instance IRIS...
20:41:07 2020-04-13 [WARNING] No init process detected!  This container may accumulate zombie processes if run for a long time.  Consider using "docker create --init ..." or equivalent.
20:41:07 2020-04-13 [INFO] Starting InterSystems IRIS instance IRIS...
20:41:12 2020-04-13 [INFO] This copy of InterSystems IRIS has been licensed for use exclusively by:
InterSystems IRIS Community
Copyright (c) 1986-2020 by InterSystems Corporation
Any other use is a violation of your license agreement

1 alert(s) during startup. See messages.log for details.
Starting IRIS


20:41:12 2020-04-13 [INFO] ...started InterSystems IRIS instance IRIS
20:59:59 2020-04-13 [INFO] Shutting down InterSystems IRIS instance IRIS...
21:00:07 2020-04-13 [INFO] Verifying InterSystems IRIS instance IRIS is down...
21:00:07 2020-04-13 [INFO] IRIS^/usr/irissys^2020.1.0.215.0com^down, last used Mon Apr 13 21:00:04 2020^iris.cpf^51773^52773^53773^^IRIS^^^/usr/irissys

21:00:07 2020-04-13 [INFO] ...verified that InterSystems IRIS instance IRIS is down
21:00:08 2020-04-13 [WARNING] No init process detected!  This container may accumulate zombie processes if run for a long time.  Consider using "docker create --init ..." or equivalent.
21:00:08 2020-04-13 [INFO] Starting InterSystems IRIS instance IRIS...
21:00:12 2020-04-13 [INFO] This copy of InterSystems IRIS has been licensed for use exclusively by:
InterSystems IRIS Community
Copyright (c) 1986-2020 by InterSystems Corporation
Any other use is a violation of your license agreement

1 alert(s) during startup. See messages.log for details.
Starting IRIS


21:00:12 2020-04-13 [INFO] ...started InterSystems IRIS instance IRIS
14:00:03 2020-04-14 [WARNING] No init process detected!  This container may accumulate zombie processes if run for a long time.  Consider using "docker create --init ..." or equivalent.
14:00:03 2020-04-14 [INFO] Starting InterSystems IRIS instance IRIS...
14:00:07 2020-04-14 [INFO] 
Now attempting WIJ compare, /usr/irissys/mgr/IRIS.WIJ
This copy of InterSystems IRIS has been licensed for use exclusively by:
InterSystems IRIS Community
Copyright (c) 1986-2020 by InterSystems Corporation
Any other use is a violation of your license agreement

1 alert(s) during startup. See messages.log for details.
Starting IRIS


14:00:07 2020-04-14 [INFO] ...started InterSystems IRIS instance IRIS
